INFO:	2023/07/15 01:29:53 init(): Env vars have been successfully loaded.
INFO:	2023/07/15 01:29:53 NewBroker(): Consumer has been successfully created.
INFO:	2023/07/15 01:29:53 NewBroker(): A consumer queue has been successfully created.
INFO:	2023/07/15 01:29:53 NewBroker(): Producer has been successfully created.
INFO:	2023/07/15 01:29:53 NewBroker(): A producer queue 'aiRequest' has been successfully created.
INFO:	2023/07/15 01:29:53 NewBot(): Broker has been successfully created.
INFO:	2023/07/15 01:29:53 NewBot(): The token was successfully received.
INFO:	2023/07/15 01:29:53 NewBot(): Authorized on account: guide_in_pocket_bot
INFO:	2023/07/15 01:29:53 main(): Bot successfully created and connected to telegram api server.
INFO:	2023/07/15 01:54:47 init(): Env vars have been successfully loaded.
INFO:	2023/07/15 01:54:47 NewBroker(): Consumer has been successfully created.
INFO:	2023/07/15 01:54:47 NewBroker(): A consumer queue has been successfully created.
INFO:	2023/07/15 01:54:47 NewBroker(): Producer has been successfully created.
INFO:	2023/07/15 01:54:47 NewBroker(): A producer queue 'aiRequest' has been successfully created.
INFO:	2023/07/15 01:54:47 NewBot(): Broker has been successfully created.
INFO:	2023/07/15 01:54:47 NewBot(): The token was successfully received.
INFO:	2023/07/15 01:54:48 NewBot(): Authorized on account: guide_in_pocket_bot
INFO:	2023/07/15 01:54:48 main(): Bot successfully created and connected to telegram api server.
INFO:	2023/07/15 02:02:38 init(): Env vars have been successfully loaded.
INFO:	2023/07/15 02:02:38 NewBroker(): Consumer has been successfully created.
INFO:	2023/07/15 02:02:38 NewBroker(): A consumer queue has been successfully created.
INFO:	2023/07/15 02:02:38 NewBroker(): Producer has been successfully created.
INFO:	2023/07/15 02:02:38 NewBroker(): A producer queue 'aiRequest' has been successfully created.
INFO:	2023/07/15 02:02:38 NewBot(): Broker has been successfully created.
INFO:	2023/07/15 02:02:38 NewBot(): The token was successfully received.
INFO:	2023/07/15 02:02:38 NewBot(): Authorized on account: guide_in_pocket_bot
INFO:	2023/07/15 02:02:38 main(): Bot successfully created and connected to telegram api server.
